Using pre-set license
Built from '2021.1/staging' branch; Version is '2021.1.13f1 (a03098edbbe0) revision 10498200'; Using compiler version '192528614'; Build Type 'Release'
OS: 'Windows 10 Pro; OS build 19041.1237; Version 2004; 64bit' Language: 'es' Physical Memory: 32654 MB
BatchMode: 1, IsHumanControllingUs: 0, StartBugReporterOnCrash: 0, Is64bit: 1, IsPro: 0

 COMMAND LINE ARGUMENTS:
C:\Program Files\Unity\Hub\Editor\2021.1.13f1\Editor\Unity.exe
-adb2
-batchMode
-noUpm
-name
AssetImportWorker0
-projectPath
C:/Users/Andres/Desktop/TALLER-V/JUEGO-TALLER/Cardboard-Base-main
-logFile
Logs/AssetImportWorker0.log
-srvPort
63338
Successfully changed project path to: C:/Users/Andres/Desktop/TALLER-V/JUEGO-TALLER/Cardboard-Base-main
C:/Users/Andres/Desktop/TALLER-V/JUEGO-TALLER/Cardboard-Base-main
Using Asset Import Pipeline V2.
Refreshing native plugins compatible for Editor in 34.84 ms, found 2 plugins.
Preloading 0 native plugins for Editor in 0.00 ms.
Initialize engine version: 2021.1.13f1 (a03098edbbe0)
[Subsystems] Discovering subsystems at path C:/Program Files/Unity/Hub/Editor/2021.1.13f1/Editor/Data/Resources/UnitySubsystems
[Subsystems] Discovering subsystems at path C:/Users/Andres/Desktop/TALLER-V/JUEGO-TALLER/Cardboard-Base-main/Assets
GfxDevice: creating device client; threaded=0; jobified=0
Direct3D:
    Version:  Direct3D 11.0 [level 11.1]
    Renderer: AMD Radeon RX 5700 XT (ID=0x731f)
    Vendor:   ATI
    VRAM:     8151 MB
    Driver:   30.0.13017.1004
Initialize mono
Mono path[0] = 'C:/Program Files/Unity/Hub/Editor/2021.1.13f1/Editor/Data/Managed'
Mono path[1] = 'C:/Program Files/Unity/Hub/Editor/2021.1.13f1/Editor/Data/MonoBleedingEdge/lib/mono/unityjit'
Mono config path = 'C:/Program Files/Unity/Hub/Editor/2021.1.13f1/Editor/Data/MonoBleedingEdge/etc'
Using monoOptions --debugger-agent=transport=dt_socket,embedding=1,server=y,suspend=n,address=127.0.0.1:56264
Begin MonoManager ReloadAssembly
Registering precompiled unity dll's ...
Register platform support module: C:/Program Files/Unity/Hub/Editor/2021.1.13f1/Editor/Data/PlaybackEngines/WindowsStandaloneSupport/UnityEditor.WindowsStandalone.Extensions.dll
Registered in 0.001359 seconds.
Native extension for WindowsStandalone target not found
Refreshing native plugins compatible for Editor in 44.20 ms, found 2 plugins.
Preloading 0 native plugins for Editor in 0.00 ms.
Mono: successfully reloaded assembly
- Completed reload, in  1.175 seconds
Domain Reload Profiling:
	ReloadAssembly (1175ms)
		BeginReloadAssembly (36ms)
			ExecutionOrderSort (0ms)
			DisableScriptedObjects (0ms)
			BackupInstance (0ms)
			ReleaseScriptingObjects (0ms)
			CreateAndSetChildDomain (1ms)
		EndReloadAssembly (290ms)
			LoadAssemblies (35ms)
			RebuildTransferFunctionScriptingTraits (0ms)
			SetupTypeCache (100ms)
			ReleaseScriptCaches (0ms)
			RebuildScriptCaches (21ms)
			SetupLoadedEditorAssemblies (138ms)
				LogAssemblyErrors (0ms)
				InitializePlatformSupportModulesInManaged (6ms)
				SetLoadedEditorAssemblies (0ms)
				RefreshPlugins (44ms)
				BeforeProcessingInitializeOnLoad (1ms)
				ProcessInitializeOnLoadAttributes (67ms)
				ProcessInitializeOnLoadMethodAttributes (19ms)
				AfterProcessingInitializeOnLoad (0ms)
				EditorAssembliesLoaded (0ms)
			ExecutionOrderSort2 (0ms)
			AwakeInstancesAfterBackupRestoration (0ms)
Platform modules already initialized, skipping
Registering precompiled user dll's ...
Registered in 0.002961 seconds.
Begin MonoManager ReloadAssembly
Native extension for WindowsStandalone target not found
Refreshing native plugins compatible for Editor in 0.58 ms, found 2 plugins.
Preloading 0 native plugins for Editor in 0.00 ms.
Mono: successfully reloaded assembly
- Completed reload, in  0.730 seconds
Domain Reload Profiling:
	ReloadAssembly (730ms)
		BeginReloadAssembly (96ms)
			ExecutionOrderSort (0ms)
			DisableScriptedObjects (3ms)
			BackupInstance (0ms)
			ReleaseScriptingObjects (0ms)
			CreateAndSetChildDomain (16ms)
		EndReloadAssembly (593ms)
			LoadAssemblies (58ms)
			RebuildTransferFunctionScriptingTraits (0ms)
			SetupTypeCache (177ms)
			ReleaseScriptCaches (0ms)
			RebuildScriptCaches (30ms)
			SetupLoadedEditorAssemblies (266ms)
				LogAssemblyErrors (0ms)
				InitializePlatformSupportModulesInManaged (3ms)
				SetLoadedEditorAssemblies (0ms)
				RefreshPlugins (1ms)
				BeforeProcessingInitializeOnLoad (46ms)
				ProcessInitializeOnLoadAttributes (207ms)
				ProcessInitializeOnLoadMethodAttributes (3ms)
				AfterProcessingInitializeOnLoad (5ms)
				EditorAssembliesLoaded (0ms)
			ExecutionOrderSort2 (0ms)
			AwakeInstancesAfterBackupRestoration (4ms)
Platform modules already initialized, skipping
========================================================================
Worker process is ready to serve import requests
Launched and connected shader compiler UnityShaderCompiler.exe after 0.03 seconds
Refreshing native plugins compatible for Editor in 0.55 ms, found 2 plugins.
Preloading 0 native plugins for Editor in 0.00 ms.
Unloading 2015 Unused Serialized files (Serialized files now loaded: 0)
System memory in use before: 95.7 MB.
System memory in use after: 95.8 MB.

Unloading 87 unused Assets to reduce memory usage. Loaded Objects now: 2459.
Total: 2.087100 ms (FindLiveObjects: 0.111900 ms CreateObjectMapping: 0.042600 ms MarkObjects: 1.819900 ms  DeleteObjects: 0.112100 ms)

AssetImportParameters requested are different than current active one (requested -> active):
  custom:framework-win-MediaFoundation: 216162199b28c13a410421893ffa2e32 -> 
  custom:video-decoder-ogg-theora: a1e56fd34408186e4bbccfd4996cb3dc -> 
  custom:container-muxer-webm: aa71ff27fc2769a1b78a27578f13a17b -> 
  custom:container-demuxer-webm: 4f35f7cbe854078d1ac9338744f61a02 -> 
  custom:container-demuxer-ogg: 62fdf1f143b41e24485cea50d1cbac27 -> 
  custom:video-encoder-webm-vp8: eb34c28f22e8b96e1ab97ce403110664 -> 
  custom:video-decoder-webm-vp8: 9c59270c3fd7afecdb556c50c9e8de78 -> 
  custom:audio-decoder-ogg-vorbis: bf7c407c2cedff20999df2af8eb42d56 -> 
  custom:audio-encoder-webm-vorbis: bf7c407c2cedff20999df2af8eb42d56 -> 
========================================================================
Received Import Request.
  path: Assets/Scenes
  artifactKey: Guid(10fc8180a4c7da249b6132e8519f7a92) Importer(815301076,1909f56bfc062723c751e8b465ee728b)
Start importing Assets/Scenes using Guid(10fc8180a4c7da249b6132e8519f7a92) Importer(815301076,1909f56bfc062723c751e8b465ee728b)  -> (artifact id: 'cbdada1ce12a68ed73051e6ebc6cc503') in 0.007114 seconds 
========================================================================
Received Import Request.
  Time since last request: 0.000105 seconds.
  path: Assets/Scenes/Level1.unity
  artifactKey: Guid(75001ceeaec5cd4429f9c9b95aec5c05) Importer(815301076,1909f56bfc062723c751e8b465ee728b)
Start importing Assets/Scenes/Level1.unity using Guid(75001ceeaec5cd4429f9c9b95aec5c05) Importer(815301076,1909f56bfc062723c751e8b465ee728b)  -> (artifact id: 'f7b9467a0dc3099d88affab287f8e366') in 0.005229 seconds 
========================================================================
Received Import Request.
  Time since last request: 25.604522 seconds.
  path: Assets/Scenes/Level1_Profiles
  artifactKey: Guid(6b5700309a9313747bceb733cea5a932) Importer(815301076,1909f56bfc062723c751e8b465ee728b)
Start importing Assets/Scenes/Level1_Profiles using Guid(6b5700309a9313747bceb733cea5a932) Importer(815301076,1909f56bfc062723c751e8b465ee728b)  -> (artifact id: '8ec649acc772e496045f97cf8647cd3e') in 0.005738 seconds 
========================================================================
Received Import Request.
  Time since last request: 0.071447 seconds.
  path: Assets/Scenes/Level1_Profiles/Main Camera Profile.asset
  artifactKey: Guid(cd3231d241114b347936c5b0dfb15058) Importer(815301076,1909f56bfc062723c751e8b465ee728b)
Start importing Assets/Scenes/Level1_Profiles/Main Camera Profile.asset using Guid(cd3231d241114b347936c5b0dfb15058) Importer(815301076,1909f56bfc062723c751e8b465ee728b)  -> (artifact id: '6bc7536e2aef51a6e3490d974dcf2775') in 0.028956 seconds 
========================================================================
Received Import Request.
  Time since last request: 3.268195 seconds.
  path: Assets/Scripts
  artifactKey: Guid(6eee36b6de69549439e30543eacfc285) Importer(815301076,1909f56bfc062723c751e8b465ee728b)
Start importing Assets/Scripts using Guid(6eee36b6de69549439e30543eacfc285) Importer(815301076,1909f56bfc062723c751e8b465ee728b)  -> (artifact id: 'd5d7dcec5fd940f806eb477ed23016ba') in 0.005661 seconds 
========================================================================
Received Import Request.
  Time since last request: 0.734568 seconds.
  path: Assets/Scripts/Nosotros
  artifactKey: Guid(2dc505b6ffecc15418ff2cdc8e65255f) Importer(815301076,1909f56bfc062723c751e8b465ee728b)
Start importing Assets/Scripts/Nosotros using Guid(2dc505b6ffecc15418ff2cdc8e65255f) Importer(815301076,1909f56bfc062723c751e8b465ee728b)  -> (artifact id: 'a62500a1eba87805f9e25bab6afb3fff') in 0.005115 seconds 
========================================================================
Received Import Request.
  Time since last request: 0.492347 seconds.
  path: Assets/Scripts/VR [Gio]
  artifactKey: Guid(83fb9d8fd02d620468e269bc11304fa1) Importer(815301076,1909f56bfc062723c751e8b465ee728b)
Start importing Assets/Scripts/VR [Gio] using Guid(83fb9d8fd02d620468e269bc11304fa1) Importer(815301076,1909f56bfc062723c751e8b465ee728b)  -> (artifact id: 'f532c8dfb05f79f2a910a69ca9ad3e9c') in 0.005462 seconds 
========================================================================
Received Import Request.
  Time since last request: 0.705057 seconds.
  path: Assets/Scripts/VR [Gio]/BasicMovement.cs
  artifactKey: Guid(c5cbd37e1a1333148b25fba417e9d7c8) Importer(815301076,1909f56bfc062723c751e8b465ee728b)
Start importing Assets/Scripts/VR [Gio]/BasicMovement.cs using Guid(c5cbd37e1a1333148b25fba417e9d7c8) Importer(815301076,1909f56bfc062723c751e8b465ee728b)  -> (artifact id: '344a6abfba18fab6270b8766cdce825f') in 0.005921 seconds 
========================================================================
Received Prepare
Registering precompiled user dll's ...
Registered in 0.002979 seconds.
Begin MonoManager ReloadAssembly
Native extension for WindowsStandalone target not found
Refreshing native plugins compatible for Editor in 0.58 ms, found 2 plugins.
Preloading 0 native plugins for Editor in 0.00 ms.
Warning: Annotation not found!
UnityEngine.StackTraceUtility:ExtractStackTrace ()
UnityEditor.ProBuilder.EditorUtility:SetGizmoIconEnabled (System.Type,bool) (at Library/PackageCache/com.unity.probuilder@5.0.3/Editor/EditorCore/EditorUtility.cs:575)
UnityEditor.ProBuilder.HierarchyListener:.cctor () (at Library/PackageCache/com.unity.probuilder@5.0.3/Editor/EditorCore/HierarchyListener.cs:21)
System.Runtime.CompilerServices.RuntimeHelpers:RunClassConstructor (System.RuntimeTypeHandle)
UnityEditor.EditorAssemblies:ProcessInitializeOnLoadAttributes (System.Type[])

[Library/PackageCache/com.unity.probuilder@5.0.3/Editor/EditorCore/EditorUtility.cs line 575]

Mono: successfully reloaded assembly
- Completed reload, in  0.651 seconds
Domain Reload Profiling:
	ReloadAssembly (651ms)
		BeginReloadAssembly (89ms)
			ExecutionOrderSort (0ms)
			DisableScriptedObjects (3ms)
			BackupInstance (0ms)
			ReleaseScriptingObjects (0ms)
			CreateAndSetChildDomain (26ms)
		EndReloadAssembly (521ms)
			LoadAssemblies (58ms)
			RebuildTransferFunctionScriptingTraits (0ms)
			SetupTypeCache (165ms)
			ReleaseScriptCaches (1ms)
			RebuildScriptCaches (27ms)
			SetupLoadedEditorAssemblies (213ms)
				LogAssemblyErrors (0ms)
				InitializePlatformSupportModulesInManaged (3ms)
				SetLoadedEditorAssemblies (0ms)
				RefreshPlugins (1ms)
				BeforeProcessingInitializeOnLoad (39ms)
				ProcessInitializeOnLoadAttributes (162ms)
				ProcessInitializeOnLoadMethodAttributes (3ms)
				AfterProcessingInitializeOnLoad (5ms)
				EditorAssembliesLoaded (0ms)
			ExecutionOrderSort2 (0ms)
			AwakeInstancesAfterBackupRestoration (4ms)
Platform modules already initialized, skipping
Refreshing native plugins compatible for Editor in 0.37 ms, found 2 plugins.
Preloading 0 native plugins for Editor in 0.00 ms.
Unloading 1952 Unused Serialized files (Serialized files now loaded: 0)
System memory in use before: 90.7 MB.
System memory in use after: 90.7 MB.

Unloading 15 unused Assets to reduce memory usage. Loaded Objects now: 2463.
Total: 2.032300 ms (FindLiveObjects: 0.101100 ms CreateObjectMapping: 0.040400 ms MarkObjects: 1.841500 ms  DeleteObjects: 0.048800 ms)

AssetImportParameters requested are different than current active one (requested -> active):
  custom:framework-win-MediaFoundation: 216162199b28c13a410421893ffa2e32 -> 
  custom:video-decoder-ogg-theora: a1e56fd34408186e4bbccfd4996cb3dc -> 
  custom:container-muxer-webm: aa71ff27fc2769a1b78a27578f13a17b -> 
  custom:container-demuxer-webm: 4f35f7cbe854078d1ac9338744f61a02 -> 
  custom:container-demuxer-ogg: 62fdf1f143b41e24485cea50d1cbac27 -> 
  custom:video-encoder-webm-vp8: eb34c28f22e8b96e1ab97ce403110664 -> 
  custom:video-decoder-webm-vp8: 9c59270c3fd7afecdb556c50c9e8de78 -> 
  custom:audio-decoder-ogg-vorbis: bf7c407c2cedff20999df2af8eb42d56 -> 
  custom:audio-encoder-webm-vorbis: bf7c407c2cedff20999df2af8eb42d56 -> 
========================================================================
Received Import Request.
  Time since last request: 7.619992 seconds.
  path: Assets/Scripts/VR [Gio]/CustomCameraPointer.cs
  artifactKey: Guid(6483fc7ed3f963e4e865e4a1c84873b5) Importer(815301076,1909f56bfc062723c751e8b465ee728b)
Start importing Assets/Scripts/VR [Gio]/CustomCameraPointer.cs using Guid(6483fc7ed3f963e4e865e4a1c84873b5) Importer(815301076,1909f56bfc062723c751e8b465ee728b)  -> (artifact id: '594c0d711076c19cf4976f50f8188848') in 0.007826 seconds 
========================================================================
Received Import Request.
  Time since last request: 6.457793 seconds.
  path: Assets/Scripts/VR [Gio]/TriggerEvent.cs
  artifactKey: Guid(d9f2b177cf74fdc46a24b3d60c172806) Importer(815301076,1909f56bfc062723c751e8b465ee728b)
Start importing Assets/Scripts/VR [Gio]/TriggerEvent.cs using Guid(d9f2b177cf74fdc46a24b3d60c172806) Importer(815301076,1909f56bfc062723c751e8b465ee728b)  -> (artifact id: '744078e4e96ec6b9f1c4475e4055b870') in 0.004737 seconds 
========================================================================
Received Import Request.
  Time since last request: 10.429189 seconds.
  path: Assets/Materials
  artifactKey: Guid(d36f512612e8e7241ae93e4fd2df5a9d) Importer(815301076,1909f56bfc062723c751e8b465ee728b)
Start importing Assets/Materials using Guid(d36f512612e8e7241ae93e4fd2df5a9d) Importer(815301076,1909f56bfc062723c751e8b465ee728b)  -> (artifact id: '65f217b3cea96726e19d35b7768162cf') in 0.005548 seconds 
========================================================================
Received Import Request.
  Time since last request: 0.113848 seconds.
  path: Assets/Materials/Ceiling base.mat
  artifactKey: Guid(2e96d6c73be94704ca69f8789e07c1cf) Importer(815301076,1909f56bfc062723c751e8b465ee728b)
Start importing Assets/Materials/Ceiling base.mat using Guid(2e96d6c73be94704ca69f8789e07c1cf) Importer(815301076,1909f56bfc062723c751e8b465ee728b)  -> (artifact id: '17e24a135042ea23a484399d59782989') in 0.211609 seconds 
========================================================================
Received Import Request.
  Time since last request: 0.000100 seconds.
  path: Assets/Materials/Scene base.mat
  artifactKey: Guid(af8ff95fc70d2404e9f839fced114482) Importer(815301076,1909f56bfc062723c751e8b465ee728b)
Start importing Assets/Materials/Scene base.mat using Guid(af8ff95fc70d2404e9f839fced114482) Importer(815301076,1909f56bfc062723c751e8b465ee728b)  -> (artifact id: 'bb769fc2734025fefac64ba1578a5eea') in 0.128914 seconds 
========================================================================
Received Import Request.
  Time since last request: 0.000114 seconds.
  path: Assets/Materials/Loading particles [Gio].mat
  artifactKey: Guid(9827b8b732703b6498e2c17a1deadd19) Importer(815301076,1909f56bfc062723c751e8b465ee728b)
Start importing Assets/Materials/Loading particles [Gio].mat using Guid(9827b8b732703b6498e2c17a1deadd19) Importer(815301076,1909f56bfc062723c751e8b465ee728b)  -> (artifact id: '74f062fb1a2c4c995978d42cdaa307eb') in 0.064617 seconds 
========================================================================
Received Import Request.
  Time since last request: 0.000127 seconds.
  path: Assets/Materials/Mapa.png
  artifactKey: Guid(00810a371684dac48875744fe01c69b2) Importer(815301076,1909f56bfc062723c751e8b465ee728b)
Start importing Assets/Materials/Mapa.png using Guid(00810a371684dac48875744fe01c69b2) Importer(815301076,1909f56bfc062723c751e8b465ee728b)  -> (artifact id: 'ef72786a49515da9f96019ed53002c39') in 0.015613 seconds 
========================================================================
Received Import Request.
  Time since last request: 0.000102 seconds.
  path: Assets/Materials/Prism [Gio].mat
  artifactKey: Guid(15def4626b7dc4a44a26196187bdde61) Importer(815301076,1909f56bfc062723c751e8b465ee728b)
Start importing Assets/Materials/Prism [Gio].mat using Guid(15def4626b7dc4a44a26196187bdde61) Importer(815301076,1909f56bfc062723c751e8b465ee728b)  -> (artifact id: 'b00fac9f722ce6fb135ae2821c269a21') in 0.063315 seconds 
========================================================================
Received Import Request.
  Time since last request: 2.503804 seconds.
  path: Assets/Arte
  artifactKey: Guid(85923d2d820b7c94a94f34f50ae4222f) Importer(815301076,1909f56bfc062723c751e8b465ee728b)
Start importing Assets/Arte using Guid(85923d2d820b7c94a94f34f50ae4222f) Importer(815301076,1909f56bfc062723c751e8b465ee728b)  -> (artifact id: 'cc13ff6e1c91a9b4a1919f27d487f400') in 0.005555 seconds 
========================================================================
Received Import Request.
  Time since last request: 1.969728 seconds.
  path: Assets/Arte/LowPolyDungeons
  artifactKey: Guid(d04316aff97b1844c9f2141920a0e10d) Importer(815301076,1909f56bfc062723c751e8b465ee728b)
Start importing Assets/Arte/LowPolyDungeons using Guid(d04316aff97b1844c9f2141920a0e10d) Importer(815301076,1909f56bfc062723c751e8b465ee728b)  -> (artifact id: '912b41f6fed483ebdd4796756e103888') in 0.005762 seconds 
========================================================================
Received Import Request.
  Time since last request: 59.074567 seconds.
  path: Assets/Scenes/VR [Gio].unity
  artifactKey: Guid(6519f406a4acde64c97f6707a69c4842) Importer(815301076,1909f56bfc062723c751e8b465ee728b)
Start importing Assets/Scenes/VR [Gio].unity using Guid(6519f406a4acde64c97f6707a69c4842) Importer(815301076,1909f56bfc062723c751e8b465ee728b)  -> (artifact id: '5821c6d5d2a89fe185c6fe3a26d6767d') in 0.006376 seconds 
========================================================================
Received Prepare
Registering precompiled user dll's ...
Registered in 0.002897 seconds.
Begin MonoManager ReloadAssembly
Native extension for WindowsStandalone target not found
Refreshing native plugins compatible for Editor in 0.63 ms, found 2 plugins.
Preloading 0 native plugins for Editor in 0.00 ms.
Warning: Annotation not found!
UnityEngine.StackTraceUtility:ExtractStackTrace ()
UnityEditor.ProBuilder.EditorUtility:SetGizmoIconEnabled (System.Type,bool) (at Library/PackageCache/com.unity.probuilder@5.0.3/Editor/EditorCore/EditorUtility.cs:575)
UnityEditor.ProBuilder.HierarchyListener:.cctor () (at Library/PackageCache/com.unity.probuilder@5.0.3/Editor/EditorCore/HierarchyListener.cs:21)
System.Runtime.CompilerServices.RuntimeHelpers:RunClassConstructor (System.RuntimeTypeHandle)
UnityEditor.EditorAssemblies:ProcessInitializeOnLoadAttributes (System.Type[])

[Library/PackageCache/com.unity.probuilder@5.0.3/Editor/EditorCore/EditorUtility.cs line 575]

Mono: successfully reloaded assembly
- Completed reload, in  0.653 seconds
Domain Reload Profiling:
	ReloadAssembly (653ms)
		BeginReloadAssembly (79ms)
			ExecutionOrderSort (0ms)
			DisableScriptedObjects (3ms)
			BackupInstance (0ms)
			ReleaseScriptingObjects (0ms)
			CreateAndSetChildDomain (25ms)
		EndReloadAssembly (535ms)
			LoadAssemblies (54ms)
			RebuildTransferFunctionScriptingTraits (0ms)
			SetupTypeCache (180ms)
			ReleaseScriptCaches (1ms)
			RebuildScriptCaches (24ms)
			SetupLoadedEditorAssemblies (210ms)
				LogAssemblyErrors (0ms)
				InitializePlatformSupportModulesInManaged (3ms)
				SetLoadedEditorAssemblies (0ms)
				RefreshPlugins (1ms)
				BeforeProcessingInitializeOnLoad (38ms)
				ProcessInitializeOnLoadAttributes (159ms)
				ProcessInitializeOnLoadMethodAttributes (4ms)
				AfterProcessingInitializeOnLoad (5ms)
				EditorAssembliesLoaded (0ms)
			ExecutionOrderSort2 (0ms)
			AwakeInstancesAfterBackupRestoration (6ms)
Platform modules already initialized, skipping
Refreshing native plugins compatible for Editor in 0.43 ms, found 2 plugins.
Preloading 0 native plugins for Editor in 0.00 ms.
Unloading 1953 Unused Serialized files (Serialized files now loaded: 0)
System memory in use before: 95.4 MB.
System memory in use after: 95.5 MB.

Unloading 16 unused Assets to reduce memory usage. Loaded Objects now: 2525.
Total: 2.068000 ms (FindLiveObjects: 0.120700 ms CreateObjectMapping: 0.041000 ms MarkObjects: 1.849900 ms  DeleteObjects: 0.055900 ms)

AssetImportParameters requested are different than current active one (requested -> active):
  custom:framework-win-MediaFoundation: 216162199b28c13a410421893ffa2e32 -> 
  custom:video-decoder-ogg-theora: a1e56fd34408186e4bbccfd4996cb3dc -> 
  custom:container-muxer-webm: aa71ff27fc2769a1b78a27578f13a17b -> 
  custom:container-demuxer-webm: 4f35f7cbe854078d1ac9338744f61a02 -> 
  custom:container-demuxer-ogg: 62fdf1f143b41e24485cea50d1cbac27 -> 
  custom:video-encoder-webm-vp8: eb34c28f22e8b96e1ab97ce403110664 -> 
  custom:video-decoder-webm-vp8: 9c59270c3fd7afecdb556c50c9e8de78 -> 
  custom:audio-decoder-ogg-vorbis: bf7c407c2cedff20999df2af8eb42d56 -> 
  custom:audio-encoder-webm-vorbis: bf7c407c2cedff20999df2af8eb42d56 -> 
AssetImportWorkerClient::OnTransportError - code=2 error=End of file
